TN:
SF:src/App-minimal.svelte
FN:1,App_minimal
FN:6,increment
FNF:2
FNH:2
FNDA:5,App_minimal
FNDA:1,increment
DA:3,5
DA:4,5
DA:7,1
DA:11,5
DA:12,5
DA:18,5
DA:19,6
DA:20,5
DA:25,5
DA:27,5
DA:29,6
LF:11
LH:11
BRDA:19,0,0,6
BRDA:19,0,1,0
BRDA:29,1,0,6
BRDA:29,1,1,0
BRF:4
BRH:2
end_of_record
TN:
SF:src/App.svelte
FN:1,App
FN:10,handleUploadStart
FN:15,handleProgress
FN:21,handleComplete
FN:28,handleError
FN:35,handleReset
FN:49,(anonymous_6)
FN:52,(anonymous_7)
FN:60,(anonymous_8)
FNF:9
FNH:2
FNDA:3,App
FNDA:0,handleUploadStart
FNDA:0,handleProgress
FNDA:0,handleComplete
FNDA:0,handleError
FNDA:0,handleReset
FNDA:3,(anonymous_6)
FNDA:0,(anonymous_7)
FNDA:0,(anonymous_8)
DA:7,3
DA:8,3
DA:11,0
DA:12,0
DA:16,0
DA:17,0
DA:22,0
DA:23,0
DA:24,0
DA:29,0
DA:30,0
DA:32,0
DA:36,0
DA:37,0
DA:41,3
DA:47,3
DA:48,3
DA:49,3
DA:51,0
DA:52,0
DA:53,0
DA:59,0
DA:60,0
LF:23
LH:6
BRDA:16,0,0,0
BRDA:16,0,1,0
BRDA:23,1,0,0
BRDA:23,1,1,0
BRDA:29,2,0,0
BRDA:29,2,1,0
BRDA:59,3,0,0
BRDA:59,3,1,0
BRDA:48,4,0,3
BRDA:48,4,1,0
BRF:10
BRH:1
end_of_record
TN:
SF:src/main.ts
FNF:0
FNH:0
DA:5,0
LF:1
LH:0
BRF:0
BRH:0
end_of_record
TN:
SF:src/types.ts
FNF:0
FNH:0
LF:0
LH:0
BRF:0
BRH:0
end_of_record
TN:
SF:src/components/FileUpload.svelte
FN:1,FileUpload
FN:26,validateFile
FN:41,handleDragOver
FN:46,handleDragLeave
FN:50,handleDrop
FN:68,handleFileSelect
FN:83,handleUpload
FN:119,(anonymous_7)
FN:134,clearFile
FN:165,(anonymous_9)
FN:191,(anonymous_10)
FN:208,(anonymous_11)
FN:208,(anonymous_12)
FN:217,(anonymous_13)
FN:217,(anonymous_14)
FN:227,(anonymous_15)
FN:227,(anonymous_16)
FN:227,get
FN:238,(anonymous_18)
FN:238,(anonymous_19)
FN:256,(anonymous_20)
FN:256,(anonymous_21)
FN:208,get
FN:217,get
FN:238,get
FN:256,get
FN:269,(anonymous_26)
FN:140,(anonymous_27)
FNF:28
FNH:2
FNDA:6,FileUpload
FNDA:0,validateFile
FNDA:0,handleDragOver
FNDA:0,handleDragLeave
FNDA:0,handleDrop
FNDA:0,handleFileSelect
FNDA:0,handleUpload
FNDA:0,(anonymous_7)
FNDA:0,clearFile
FNDA:0,(anonymous_9)
FNDA:0,(anonymous_10)
FNDA:0,(anonymous_11)
FNDA:0,(anonymous_12)
FNDA:0,(anonymous_13)
FNDA:0,(anonymous_14)
FNDA:0,(anonymous_15)
FNDA:0,(anonymous_16)
FNDA:0,get
FNDA:0,(anonymous_18)
FNDA:0,(anonymous_19)
FNDA:0,(anonymous_20)
FNDA:0,(anonymous_21)
FNDA:0,get
FNDA:0,get
FNDA:0,get
FNDA:0,get
FNDA:0,(anonymous_26)
FNDA:6,(anonymous_27)
DA:10,6
DA:11,6
DA:12,6
DA:19,6
DA:20,6
DA:22,6
DA:23,6
DA:24,6
DA:27,0
DA:28,0
DA:30,0
DA:31,0
DA:34,0
DA:35,0
DA:38,0
DA:42,0
DA:43,0
DA:47,0
DA:51,0
DA:52,0
DA:54,0
DA:55,0
DA:56,0
DA:57,0
DA:58,0
DA:59,0
DA:60,0
DA:62,0
DA:63,0
DA:69,0
DA:70,0
DA:71,0
DA:72,0
DA:73,0
DA:74,0
DA:75,0
DA:77,0
DA:78,0
DA:84,0
DA:87,0
DA:88,0
DA:92,0
DA:93,0
DA:97,0
DA:99,0
DA:100,0
DA:101,0
DA:102,0
DA:103,0
DA:105,0
DA:106,0
DA:109,0
DA:110,0
DA:113,0
DA:118,0
DA:119,0
DA:120,0
DA:123,0
DA:126,0
DA:127,0
DA:129,0
DA:130,0
DA:135,0
DA:139,6
DA:140,6
DA:149,6
DA:150,6
DA:161,6
DA:162,6
DA:165,0
DA:170,6
DA:180,0
DA:189,0
DA:190,0
DA:191,0
DA:193,0
DA:200,6
DA:201,0
DA:204,0
DA:206,0
DA:208,0
DA:216,0
DA:217,0
DA:222,0
DA:223,0
DA:225,0
DA:227,0
DA:236,0
DA:238,0
DA:239,0
DA:240,0
DA:241,0
DA:242,0
DA:243,0
DA:244,0
DA:245,0
DA:246,0
DA:247,0
DA:248,0
DA:249,0
DA:250,0
DA:254,0
DA:256,0
DA:257,0
DA:261,0
DA:262,0
DA:267,6
DA:268,0
DA:269,0
LF:109
LH:17
BRDA:30,0,0,0
BRDA:30,0,1,0
BRDA:34,1,0,0
BRDA:34,1,1,0
BRDA:55,2,0,0
BRDA:55,2,1,0
BRDA:55,3,0,0
BRDA:55,3,1,0
BRDA:58,4,0,0
BRDA:58,4,1,0
BRDA:70,5,0,0
BRDA:70,5,1,0
BRDA:70,6,0,0
BRDA:70,6,1,0
BRDA:73,7,0,0
BRDA:73,7,1,0
BRDA:84,8,0,0
BRDA:84,8,1,0
BRDA:87,9,0,0
BRDA:87,9,1,0
BRDA:92,10,0,0
BRDA:92,10,1,0
BRDA:92,11,0,0
BRDA:92,11,1,0
BRDA:105,12,0,0
BRDA:105,12,1,0
BRDA:105,13,0,0
BRDA:105,13,1,0
BRDA:109,14,0,0
BRDA:109,14,1,0
BRDA:109,15,0,0
BRDA:109,15,1,0
BRDA:118,16,0,0
BRDA:118,16,1,0
BRDA:120,17,0,0
BRDA:120,17,1,0
BRDA:129,18,0,0
BRDA:129,18,1,0
BRDA:149,19,0,6
BRDA:149,19,1,0
BRDA:222,20,0,0
BRDA:222,20,1,0
BRDA:262,21,0,0
BRDA:262,21,1,0
BRDA:200,22,0,0
BRDA:200,22,1,6
BRDA:267,23,0,0
BRDA:267,23,1,6
BRF:48
BRH:3
end_of_record
TN:
SF:src/components/ProgressView.svelte
FN:1,ProgressView
FN:17,(anonymous_1)
FN:21,(anonymous_2)
FN:27,connectWebSocket
FN:33,(anonymous_4)
FN:37,(anonymous_5)
FN:81,(anonymous_6)
FN:86,(anonymous_7)
FN:91,parseTranscriptResult
FN:94,(anonymous_9)
FNF:10
FNH:0
FNDA:0,ProgressView
FNDA:0,(anonymous_1)
FNDA:0,(anonymous_2)
FNDA:0,connectWebSocket
FNDA:0,(anonymous_4)
FNDA:0,(anonymous_5)
FNDA:0,(anonymous_6)
FNDA:0,(anonymous_7)
FNDA:0,parseTranscriptResult
FNDA:0,(anonymous_9)
DA:14,0
DA:15,0
DA:17,0
DA:18,0
DA:21,0
DA:22,0
DA:23,0
DA:28,0
DA:29,0
DA:31,0
DA:33,0
DA:34,0
DA:37,0
DA:38,0
DA:39,0
DA:41,0
DA:42,0
DA:44,0
DA:47,0
DA:48,0
DA:49,0
DA:52,0
DA:53,0
DA:55,0
DA:58,0
DA:60,0
DA:61,0
DA:63,0
DA:64,0
DA:65,0
DA:67,0
DA:70,0
DA:72,0
DA:73,0
DA:77,0
DA:81,0
DA:82,0
DA:83,0
DA:86,0
DA:87,0
DA:93,0
DA:94,0
DA:96,0
DA:98,0
DA:99,0
DA:100,0
DA:101,0
DA:111,0
DA:112,0
DA:113,0
DA:114,0
DA:122,0
DA:126,0
DA:127,0
DA:128,0
DA:129,0
DA:130,0
DA:134,0
DA:135,0
DA:138,0
DA:139,0
DA:140,0
LF:62
LH:0
BRDA:22,0,0,0
BRDA:22,0,1,0
BRDA:28,1,0,0
BRDA:28,1,1,0
BRDA:41,2,0,0
BRDA:41,2,1,0
BRDA:48,3,0,0
BRDA:48,3,1,0
BRDA:52,4,0,0
BRDA:52,4,1,0
BRDA:60,5,0,0
BRDA:60,5,1,0
BRDA:63,6,0,0
BRDA:63,6,1,0
BRDA:64,7,0,0
BRDA:64,7,1,0
BRDA:72,8,0,0
BRDA:72,8,1,0
BRDA:99,9,0,0
BRDA:99,9,1,0
BRDA:112,10,0,0
BRDA:112,10,1,0
BRDA:139,11,0,0
BRDA:139,11,1,0
BRDA:128,12,0,0
BRDA:128,12,1,0
BRF:26
BRH:0
end_of_record
TN:
SF:src/components/TranscriptViewer.svelte
FN:1,TranscriptViewer
FN:15,(anonymous_1)
FN:17,(anonymous_2)
FN:25,(anonymous_3)
FN:26,(anonymous_4)
FN:34,formatTime
FN:40,formatTimeRange
FN:44,downloadTranscript
FN:70,(anonymous_8)
FN:73,(anonymous_9)
FN:76,(anonymous_10)
FN:79,(anonymous_11)
FN:94,(anonymous_12)
FN:94,(anonymous_13)
FN:92,get
FN:105,(anonymous_15)
FN:105,(anonymous_16)
FN:106,(anonymous_17)
FN:106,(anonymous_18)
FN:111,(anonymous_19)
FN:109,(anonymous_20)
FN:102,(anonymous_21)
FN:87,get
FNF:23
FNH:18
FNDA:5,TranscriptViewer
FNDA:5,(anonymous_1)
FNDA:10,(anonymous_2)
FNDA:5,(anonymous_3)
FNDA:10,(anonymous_4)
FNDA:20,formatTime
FNDA:10,formatTimeRange
FNDA:0,downloadTranscript
FNDA:0,(anonymous_8)
FNDA:0,(anonymous_9)
FNDA:0,(anonymous_10)
FNDA:0,(anonymous_11)
FNDA:10,(anonymous_12)
FNDA:10,(anonymous_13)
FNDA:5,get
FNDA:5,(anonymous_15)
FNDA:5,(anonymous_16)
FNDA:10,(anonymous_17)
FNDA:10,(anonymous_18)
FNDA:10,(anonymous_19)
FNDA:10,(anonymous_20)
FNDA:5,(anonymous_21)
FNDA:10,get
DA:12,5
DA:13,5
DA:15,5
DA:16,5
DA:17,5
DA:18,10
DA:19,10
DA:22,5
DA:25,5
DA:26,5
DA:27,10
DA:29,10
DA:30,10
DA:35,20
DA:36,20
DA:37,20
DA:41,10
DA:45,0
DA:46,0
DA:47,0
DA:48,0
DA:51,0
DA:52,0
DA:53,0
DA:54,0
DA:55,0
DA:56,0
DA:57,0
DA:58,0
DA:59,0
DA:61,0
DA:66,5
DA:67,5
DA:69,5
DA:70,5
DA:73,5
DA:76,5
DA:79,5
DA:83,5
DA:84,5
DA:87,0
DA:91,5
DA:92,5
DA:93,5
DA:94,5
DA:95,10
DA:101,5
DA:102,5
DA:105,5
DA:106,10
DA:107,10
DA:108,10
DA:109,10
DA:110,10
DA:111,10
DA:114,10
DA:119,5
DA:120,0
LF:58
LH:42
BRDA:18,0,0,10
BRDA:18,0,1,0
BRDA:27,1,0,10
BRDA:27,1,1,0
BRDA:29,2,0,10
BRDA:29,2,1,0
BRDA:30,3,0,10
BRDA:30,3,1,10
BRDA:47,4,0,0
BRDA:47,4,1,0
BRDA:61,5,0,0
BRDA:61,5,1,0
BRDA:95,6,0,10
BRDA:95,6,1,0
BRDA:95,7,0,10
BRDA:95,7,1,0
BRDA:91,8,0,5
BRDA:91,8,1,0
BRDA:110,9,0,10
BRDA:110,9,1,0
BRDA:119,10,0,0
BRDA:119,10,1,5
BRDA:102,11,0,5
BRDA:102,11,1,0
BRDA:102,12,0,5
BRDA:102,12,1,0
BRF:26
BRH:12
end_of_record
